<?xml version="1.0" encoding="UTF-8"?>
<!-- Generated by org.testng.reporters.JUnitXMLReporter -->
<testsuite ignored="0" hostname="HARPER-QA1L" failures="0" tests="2" name="InsuranceApp Test" time="0.024" errors="0" timestamp="2023-08-21T12:18:15 IST">
  <testcase classname="com.InsuranceCompany.testCases.TC_Insurance_Login_Page_001" name="Ins_LoginTest" time="0.0">
    <skipped/>
  </testcase> <!-- Ins_LoginTest -->
  <testcase classname="com.InsuranceCompany.testCases.TC_Insurance_Registration_page_001" name="RegPage" time="0.0">
    <skipped/>
  </testcase> <!-- RegPage -->
</testsuite> <!-- InsuranceApp Test -->
