<?xml version="1.0" encoding="UTF-8"?>
<!-- Generated by org.testng.reporters.JUnitXMLReporter -->
<testsuite ignored="0" hostname="VishwaTeja" failures="2" tests="4" name="BankingApp Test" time="47.039" errors="0" timestamp="2023-08-08T17:22:56 IST">
  <testcase classname="com.inetbanking.testCases.TC_LoginTest_001" name="loginTest" time="2.497"/>
  <testcase classname="com.inetbanking.testCases.TC_AddCustomer_003" name="addNewCustomer" time="3.784">
    <failure type="org.openqa.selenium.UnhandledAlertException" message="Dismissed user prompt dialog: please fill all fields: 
Build info: version: &amp;apos;3.141.59&amp;apos;, revision: &amp;apos;e82be7d358&amp;apos;, time: &amp;apos;2018-11-14T08:17:03&amp;apos;
System info: host: &amp;apos;VISHWATEJA&amp;apos;, ip: &amp;apos;192.168.243.17&amp;apos;, os.name: &amp;apos;Windows 11&amp;apos;, os.arch: &amp;apos;amd64&amp;apos;, os.version: &amp;apos;10.0&amp;apos;, java.version: &amp;apos;17.0.5&amp;apos;
Driver info: org.openqa.selenium.firefox.FirefoxDriver
Capabilities {acceptInsecureCerts: true, browserName: firefox, browserVersion: 115.0.3, javascriptEnabled: true, moz:accessibilityChecks: false, moz:buildID: 20230726201356, moz:geckodriverVersion: 0.33.0, moz:headless: false, moz:platformVersion: 10.0, moz:processID: 40112, moz:profile: C:\Users\ASUS\AppData\Local..., moz:shutdownTimeout: 60000, moz:useNonSpecCompliantPointerOrigin: false, moz:webdriverClick: true, moz:windowless: false, pageLoadStrategy: normal, platform: WINDOWS, platformName: WINDOWS, proxy: Proxy(), setWindowRect: true, strictFileInteractability: false, timeouts: {implicit: 0, pageLoad: 300000, script: 30000}, unhandledPromptBehavior: dismiss and notify}
Session ID: 0e1e6c2c-1ae5-46f6-9175-383c93c7139b">
      <![CDATA[org.openqa.selenium.UnhandledAlertException: Dismissed user prompt dialog: please fill all fields: 
Build info: version: '3.141.59', revision: 'e82be7d358', time: '2018-11-14T08:17:03'
System info: host: 'VISHWATEJA', ip: '192.168.243.17', os.name: 'Windows 11', os.arch: 'amd64', os.version: '10.0', java.version: '17.0.5'
Driver info: org.openqa.selenium.firefox.FirefoxDriver
Capabilities {acceptInsecureCerts: true, browserName: firefox, browserVersion: 115.0.3, javascriptEnabled: true, moz:accessibilityChecks: false, moz:buildID: 20230726201356, moz:geckodriverVersion: 0.33.0, moz:headless: false, moz:platformVersion: 10.0, moz:processID: 40112, moz:profile: C:\Users\ASUS\AppData\Local..., moz:shutdownTimeout: 60000, moz:useNonSpecCompliantPointerOrigin: false, moz:webdriverClick: true, moz:windowless: false, pageLoadStrategy: normal, platform: WINDOWS, platformName: WINDOWS, proxy: Proxy(), setWindowRect: true, strictFileInteractability: false, timeouts: {implicit: 0, pageLoad: 300000, script: 30000}, unhandledPromptBehavior: dismiss and notify}
Session ID: 0e1e6c2c-1ae5-46f6-9175-383c93c7139b
at org.openqa.selenium.remote.http.W3CHttpResponseCodec.decode(W3CHttpResponseCodec.java:120)
at org.openqa.selenium.remote.http.W3CHttpResponseCodec.decode(W3CHttpResponseCodec.java:49)
at org.openqa.selenium.remote.HttpCommandExecutor.execute(HttpCommandExecutor.java:158)
at org.openqa.selenium.remote.service.DriverCommandExecutor.execute(DriverCommandExecutor.java:83)
at org.openqa.selenium.remote.RemoteWebDriver.execute(RemoteWebDriver.java:552)
at org.openqa.selenium.remote.RemoteWebDriver.execute(RemoteWebDriver.java:609)
at org.openqa.selenium.remote.RemoteWebDriver.getPageSource(RemoteWebDriver.java:438)
at com.inetbanking.testCases.TC_AddCustomer_003.addNewCustomer(TC_AddCustomer_003.java:67)
at java.base/java.util.ArrayList.forEach(ArrayList.java:1511)
... Removed 27 stack frames]]>
    </failure>
  </testcase> <!-- addNewCustomer -->
  <testcase classname="com.InsuranceCompany.testCases.TC_Insurance_Login_Page_001" name="Ins_LoginTest" time="2.892"/>
  <testcase classname="com.InsuranceCompany.testCases.TC_Insurance_Registration_page_001" name="RegPage" time="3.194">
    <failure type="java.lang.AssertionError" message="expected [true] but found [false]">
      <![CDATA[java.lang.AssertionError: expected [true] but found [false]
at com.InsuranceCompany.testCases.TC_Insurance_Registration_page_001.RegPage(TC_Insurance_Registration_page_001.java:45)
at java.base/java.util.ArrayList.forEach(ArrayList.java:1511)
... Removed 31 stack frames]]>
    </failure>
  </testcase> <!-- RegPage -->
</testsuite> <!-- BankingApp Test -->
