<?xml version="1.0" encoding="UTF-8"?>
<testng-results ignored="0" total="1" passed="1" failed="0" skipped="0">
  <reporter-output>
  </reporter-output>
  <suite started-at="2023-08-01T22:56:17 IST" name="InetBankingV1" finished-at="2023-08-01T22:56:29 IST" duration-ms="12207">
    <groups>
    </groups>
    <test started-at="2023-08-01T22:56:17 IST" name="BankingApp Test" finished-at="2023-08-01T22:56:29 IST" duration-ms="12207">
      <class name="com.InsuranceCompany.testCases.TC_Insurance_Registration_page_001">
        <test-method is-config="true" signature="setup(java.lang.String)[pri:0, instance:com.InsuranceCompany.testCases.TC_Insurance_Registration_page_001@2b91004a]" started-at="2023-08-01T22:56:17 IST" name="setup" finished-at="2023-08-01T22:56:25 IST" duration-ms="8609" status="PASS">
          <params>
            <param index="0">
              <value>
                <![CDATA[firefox]]>
              </value>
            </param>
          </params>
          <reporter-output>
          </reporter-output>
        </test-method> <!-- setup -->
        <test-method signature="RegPage()[pri:0, instance:com.InsuranceCompany.testCases.TC_Insurance_Registration_page_001@2b91004a]" started-at="2023-08-01T22:56:26 IST" name="RegPage" finished-at="2023-08-01T22:56:28 IST" duration-ms="2793" status="PASS">
          <reporter-output>
          </reporter-output>
        </test-method> <!-- RegPage -->
        <test-method is-config="true" signature="tearDown()[pri:0, instance:com.InsuranceCompany.testCases.TC_Insurance_Registration_page_001@2b91004a]" started-at="2023-08-01T22:56:28 IST" name="tearDown" finished-at="2023-08-01T22:56:29 IST" duration-ms="768" status="PASS">
          <reporter-output>
          </reporter-output>
        </test-method> <!-- tearDown -->
      </class> <!-- com.InsuranceCompany.testCases.TC_Insurance_Registration_page_001 -->
    </test> <!-- BankingApp Test -->
  </suite> <!-- InetBankingV1 -->
</testng-results>
